mie312h1f,Fluid Mechanics I,6036,
mie372h1f,Control Systems,6080,
mie496y1f,Thesis/Design Proj.,6014,
mie418h1s,Fluid Mechanics Ii,6020,
mie265h1f,Introduction To Systems Engineering,6059,
mie451h1f,Decision Support Sys,6024,
mie230h1f,Engineering Analysis,6049,
mie241h1s,Eng.Design &Graphics,6059,
mie457h1f,Knowledge Modelling & Manage.,6001,
mie448h1f,Eng.Psychology &Human Perform.,6037,
mie358h1f,Engineering Economics and Accounting,6063,
mie301h1f,Kine.&Dynam.Of Mach.,6004,
mie422h1s,Automa.Manufacturing,6092,
mie364h1s,Met.Of Qual.Cont.Imp,6053,
mie540h1s,Product Design,6059,
mie365h1s,Operat. Research Ii,6067,
mie347h1s,Electromechanical Energy Conv.,6001,
mie262h1s,Operational Res.I,6007,
mie496y1y,Thesis/Design Proj.,6085,
mie321h1s,Manufacturing Engin.,6089,
mie512h1f,Air Poll.Form.& Con.,6008,
mie415h1s,Design For The Environment,6070,
mie363h1s,Resource &Production Modelling,6085,
mie344h1s,Ergo.Des.Of Info.Sys,6057,
mie439h1s,Biomechanical Engin.,6004,
mie302h1s,Vibrations,6011,
edm304h1s,Prevent.Eng.&Soc.Dev,6061,
mie444h1f,Mechatronics Prin.,6087,
mie231h1f,Prob.& Stat.For Eng.,6066,
mie310h1f,Thermodynamics,6034,
mie468h1s,Facility Planning,6046,
mie467h1f,Adv.Operational Res.,6080,
mie270h1f,Fluid Mechanics I,6080,
mie354h1s,Info.Sys.Infrastructure I,6025,
mie441h1s,Comput. Aided Design,6057,
mie373h1s,Resource & Production Systems,6024,
mie337h1f,Stat.& Exper. Design,6093,
mie514h1s,Atmospher.Pollution,6027,
mie460h1s,Manufact.& Prod.Sys.,6080,
mie374h1s,Eco.Ana.& Dec.Making,6026,
mie253h1s,Data Modelling,6003,
mie440h1f,Mechanical Design: Theory And Methodology,6044,
mie240h1f,Hum.Cent.Syst.Design,6039,
mie404h1f,Control Systems I,6008,
mie561h1s,Healthcare Systems,6069,
mie456h1f,Info.Sys.Infrastructure Ii,6096,
mie350h1f,Des.&Ana.Of Info.Sys,6079,
mie359h1s,Organization Design,6009,
mie311h1s,Ther.Ener.Conversion,6026,
mie353h1s,Data Modelling,6038,
mie360h1f,Sys.Modelling & Sim.,6009,
mie210h1s,Thermodynamics,6023,
mie355h1f,Software Eng.& Project Manag.,6040,
mie346h1s,Anal.&Digital Electr.For Mech.,6053,
mie320h1s,Mech. Of Solids Ii,6002,
mie343h1f,Indust.Ergo.& Workpl,6079,
mie469h1s,Reliab.& Maintainability Eng.,6086,
mie237h1s,Statistics And Design Of Experiment,6092,
mie100h1s,Dynamics,6020,
mie442h1s,Machine Design,6038,
mie566h1f,Decision Analysis,6086,
mie191h1s,Introduction To Mechanical And Industrial Engineering,6087,
mie235h1f,Algorithms Numerical Methods,6032,
mie258h1f,Engineering Economics And Accounting,6012,
mie313h1s,Heat & Mass Transfer,6025,
cse422h1f,Programming,6026,
mie222h1s,Mech.Of Solids I,6005,
mie449h1s,H/Com.Int.Des.Com.Sy,6045,
mie414h1f,App. Fluid Mechanics,6074,
mie515h1s,Alternative Energy Systems,6074,
mie342h1f,Cir.With Appl.To Mech.Eng.Sys.,6094,
mie496h1f,Thesis/Design Proj.,6050,
mie562h1f,Scheduling,6005,
