9075,mie360h1f,50,mie496y1y,76,mie355h1f,82,mie350h1f,79,mie342h1f,76,
9074,mie343h1f,72,mie262h1s,84,mie265h1f,52,mie210h1s,55,mie456h1f,87,
9073,mie310h1f,61,mie415h1s,47,mie354h1s,52,mie342h1f,72,mie562h1f,82,
9072,mie312h1f,65,edm304h1s,99,mie355h1f,73,mie253h1s,76,mie342h1f,91,
9079,mie100h1s,59,mie540h1s,54,mie451h1f,88,mie374h1s,74,mie342h1f,66,
9078,mie301h1f,58,mie540h1s,98,mie444h1f,71,mie310h1f,90,mie439h1s,67,
9077,mie302h1s,59,mie364h1s,84,mie359h1s,52,mie100h1s,65,mie346h1s,92,
9076,mie235h1f,87,mie359h1s,49,mie460h1s,82,mie515h1s,55,mie253h1s,84,
9083,edm304h1s,51,mie311h1s,53,mie468h1s,57,mie496h1f,76,mie515h1s,54,
9082,mie364h1s,77,mie210h1s,53,mie457h1f,51,mie441h1s,62,mie373h1s,81,
9081,mie440h1f,90,mie237h1s,74,mie418h1s,80,mie240h1f,56,mie414h1f,45,
9080,mie540h1s,91,mie100h1s,55,mie262h1s,51,mie222h1s,87,mie253h1s,93,
9087,mie372h1f,61,mie311h1s,97,mie496y1f,45,mie451h1f,81,mie346h1s,64,
9086,mie343h1f,71,mie365h1s,80,mie496y1f,71,mie262h1s,93,mie231h1f,51,
9085,mie440h1f,83,mie301h1f,81,mie237h1s,73,mie240h1f,92,mie320h1s,45,
9084,mie422h1s,50,mie313h1s,50,mie321h1s,91,mie320h1s,46,mie562h1f,91,
9058,mie364h1s,70,mie514h1s,47,mie222h1s,63,mie418h1s,98,mie241h1s,93,
9059,mie321h1s,79,mie468h1s,89,mie346h1s,89,mie373h1s,58,mie496h1f,62,
9056,mie469h1s,50,mie514h1s,98,mie231h1f,59,mie344h1s,51,mie342h1f,45,
9057,mie448h1f,73,mie514h1s,67,mie313h1s,50,mie230h1f,96,mie562h1f,71,
9062,mie364h1s,56,mie262h1s,65,mie360h1f,62,mie210h1s,60,mie457h1f,60,
9063,mie312h1f,98,mie372h1f,70,mie337h1f,33,mie514h1s,94,mie313h1s,71,
9060,mie353h1s,65,mie460h1s,71,mie414h1f,73,mie191h1s,66,mie496h1f,70,
9061,mie365h1s,52,mie444h1f,58,mie441h1s,85,mie342h1f,63,mie320h1s,90,
9066,mie358h1f,73,mie359h1s,59,mie566h1f,76,mie230h1f,99,mie320h1s,81,
9067,mie440h1f,62,mie364h1s,99,mie231h1f,77,mie451h1f,93,mie320h1s,61,
9064,mie469h1s,68,mie237h1s,77,mie311h1s,88,mie566h1f,57,mie354h1s,66,
9065,mie301h1f,88,mie237h1s,66,mie418h1s,45,mie265h1f,96,mie415h1s,76,
9070,mie235h1f,85,mie359h1s,86,mie365h1s,48,mie374h1s,45,mie441h1s,99,
9071,edm304h1s,73,mie237h1s,73,mie100h1s,54,mie444h1f,81,mie354h1s,72,
9068,mie311h1s,96,mie313h1s,58,mie457h1f,74,mie414h1f,67,mie496h1f,92,
9069,mie258h1f,99,mie451h1f,51,mie355h1f,60,mie439h1s,93,mie441h1s,98,
9041,mie337h1f,80,mie444h1f,99,mie240h1f,67,mie404h1f,52,mie414h1f,48,
9040,mie359h1s,97,mie444h1f,86,mie230h1f,45,mie374h1s,54,mie373h1s,68,
9043,mie301h1f,93,mie222h1s,78,mie321h1s,50,mie230h1f,89,mie344h1s,91,
9042,mie444h1f,89,mie222h1s,99,mie418h1s,91,mie346h1s,72,mie515h1s,78,
9045,mie360h1f,55,mie321h1s,88,mie467h1f,87,mie373h1s,57,mie439h1s,57,
9044,mie311h1s,52,mie496y1f,74,mie222h1s,72,mie344h1s,81,mie441h1s,74,
9047,mie364h1s,92,mie311h1s,53,mie222h1s,74,mie457h1f,57,mie496h1f,82,
9046,mie237h1s,65,mie310h1f,88,mie449h1s,49,mie515h1s,61,mie320h1s,96,
9049,mie364h1s,46,mie365h1s,92,mie240h1f,78,mie460h1s,67,mie355h1f,67,
9048,mie440h1f,82,mie469h1s,54,mie372h1f,81,mie442h1s,86,mie241h1s,77,
9051,mie301h1f,83,mie372h1f,61,mie321h1s,75,mie566h1f,94,mie457h1f,73,
9050,mie343h1f,69,mie359h1s,68,mie451h1f,63,mie344h1s,45,mie342h1f,88,
9053,mie496y1y,54,mie240h1f,94,mie512h1f,45,mie210h1s,65,mie456h1f,48,
9052,mie496y1f,93,mie265h1f,49,mie210h1s,64,mie230h1f,61,mie350h1f,78,
9055,mie442h1s,88,mie414h1f,86,mie562h1f,70,mie373h1s,50,mie342h1f,69,
9054,mie353h1s,50,mie347h1s,78,mie231h1f,80,mie496y1y,55,mie253h1s,72,
9024,mie222h1s,81,mie467h1f,62,mie451h1f,59,mie460h1s,95,mie342h1f,49,
9025,mie360h1f,48,mie418h1s,93,mie374h1s,82,mie346h1s,52,mie456h1f,90,
9026,mie359h1s,97,mie311h1s,61,mie347h1s,79,mie230h1f,88,mie496h1f,65,
9027,mie372h1f,90,mie321h1s,50,mie415h1s,86,mie270h1f,99,mie241h1s,53,
9028,mie358h1f,79,mie448h1f,99,edm304h1s,69,mie363h1s,94,mie414h1f,49,
9029,mie301h1f,86,mie353h1s,67,mie566h1f,85,mie496h1f,99,mie373h1s,47,
9030,mie440h1f,46,mie302h1s,77,mie512h1f,76,mie467h1f,65,mie350h1f,54,
9031,mie301h1f,61,mie258h1f,64,mie312h1f,65,edm304h1s,95,mie414h1f,59,
9032,mie343h1f,88,mie301h1f,56,mie456h1f,78,mie320h1s,92,mie191h1s,54,
9033,mie358h1f,47,mie344h1s,78,mie414h1f,60,mie373h1s,88,mie439h1s,67,
9034,mie422h1s,77,mie347h1s,79,mie360h1f,49,mie451h1f,77,mie515h1s,83,
9035,mie359h1s,83,mie365h1s,50,mie310h1f,73,mie496y1y,87,mie363h1s,84,
9036,mie359h1s,46,mie337h1f,49,mie313h1s,52,mie310h1f,95,mie253h1s,58,
9037,mie469h1s,80,edm304h1s,82,mie449h1s,86,mie342h1f,53,mie191h1s,83,
9038,mie540h1s,98,mie222h1s,56,mie360h1f,71,mie418h1s,93,mie566h1f,95,
9039,mie422h1s,48,mie311h1s,74,mie353h1s,85,mie310h1f,69,mie230h1f,47,
9015,mie440h1f,74,mie302h1s,68,mie258h1f,45,mie448h1f,90,mie342h1f,75,
9014,mie440h1f,82,mie301h1f,93,mie100h1s,50,mie496y1f,88,mie355h1f,56,
9013,mie343h1f,96,mie496y1y,95,mie457h1f,49,mie449h1s,62,mie496h1f,55,
9012,mie258h1f,94,mie422h1s,47,mie222h1s,84,mie354h1s,81,mie191h1s,48,
9011,mie440h1f,45,mie347h1s,60,mie496y1f,63,mie467h1f,49,mie451h1f,48,
9010,mie422h1s,51,mie460h1s,74,mie241h1s,62,mie346h1s,95,mie457h1f,71,
9009,mie469h1s,96,mie347h1s,67,mie265h1f,84,mie350h1f,62,mie373h1s,65,
9008,mie301h1f,81,mie100h1s,47,mie262h1s,87,mie240h1f,48,mie253h1s,51,
9023,mie235h1f,91,mie364h1s,58,mie514h1s,61,mie231h1f,51,mie210h1s,68,
9022,mie302h1s,72,mie469h1s,84,mie312h1f,80,mie566h1f,56,mie415h1s,90,
9021,mie514h1s,64,mie444h1f,78,mie442h1s,88,mie374h1s,78,mie456h1f,63,
9020,mie540h1s,50,mie467h1f,47,mie230h1f,58,mie346h1s,52,mie515h1s,54,
9019,mie301h1f,48,mie312h1f,53,mie231h1f,52,mie253h1s,79,mie441h1s,90,
9018,mie100h1s,68,mie353h1s,81,mie321h1s,53,mie210h1s,57,mie355h1f,61,
9017,mie353h1s,85,mie347h1s,57,mie321h1s,69,mie512h1f,72,mie374h1s,59,
9016,mie440h1f,78,mie448h1f,53,mie301h1f,94,mie442h1s,89,mie222h1s,73,
9006,mie222h1s,99,mie231h1f,88,mie360h1f,74,mie451h1f,98,mie468h1s,97,
9007,mie302h1s,99,mie460h1s,98,mie451h1f,62,mie344h1s,71,mie320h1s,73,
9004,mie265h1f,63,mie310h1f,58,mie512h1f,75,mie363h1s,65,mie350h1f,74,
9005,mie313h1s,54,mie496y1f,88,mie231h1f,48,mie321h1s,98,mie441h1s,88,
9002,mie270h1f,83,mie457h1f,85,mie441h1s,99,mie342h1f,82,mie515h1s,50,
9003,mie448h1f,59,mie422h1s,96,mie337h1f,66,mie540h1s,49,mie222h1s,70,
9000,mie310h1f,95,mie354h1s,80,mie191h1s,97,mie350h1f,73,mie496h1f,56,
9001,edm304h1s,89,mie372h1f,87,mie566h1f,71,mie346h1s,53,mie457h1f,81,
9124,mie363h1s,85,
9097,mie301h1f,70,mie241h1s,87,mie457h1f,88,mie346h1s,83,mie496h1f,86,
9096,mie540h1s,76,mie347h1s,48,mie355h1f,74,mie457h1f,77,mie253h1s,83,
9099,mie365h1s,64,mie231h1f,66,mie460h1s,86,mie457h1f,95,mie191h1s,64,
9098,mie372h1f,50,mie566h1f,65,mie241h1s,52,mie414h1f,85,mie515h1s,78,
9093,mie222h1s,52,mie265h1f,95,mie496y1y,98,mie241h1s,88,mie496h1f,58,
9092,mie469h1s,79,mie540h1s,62,mie365h1s,76,mie240h1f,80,mie415h1s,71,
9095,mie100h1s,61,mie460h1s,57,mie404h1f,74,mie439h1s,97,mie456h1f,45,
9094,mie440h1f,87,mie353h1s,47,mie365h1s,58,mie374h1s,64,mie344h1s,61,
9089,mie444h1f,76,mie451h1f,48,mie415h1s,54,mie439h1s,87,mie191h1s,92,
9088,mie310h1f,73,mie566h1f,72,mie230h1f,85,mie241h1s,84,mie373h1s,80,
9091,mie231h1f,71,mie344h1s,96,mie404h1f,92,mie373h1s,77,mie441h1s,89,
9090,mie312h1f,94,mie496y1f,95,mie444h1f,61,mie265h1f,50,mie561h1s,48,
