6008,Simmons,Ashley,Ashley_Simmons@UofT.com,EZ484,
6009,Kelly,Nicole,Nicole_Kelly@UofT.com,FY590,
6010,Miller,Kristen,Kristen_Miller@UofT.com,UP661,
6011,Price,Zachary,Zachary_Price@UofT.com,BR814,
6012,Bennett,Justin,Justin_Bennett@UofT.com,AX750,
6013,Peterson,Jason,Jason_Peterson@UofT.com,IA382,
6014,White,Matthew,Matthew_White@UofT.com,RO966,
6015,Butler,Stephanie,Stephanie_Butler@UofT.com,FN526,
6000,Reed,Samuel,Samuel_Reed@UofT.com,KM337,
6001,Li,Andrew,Andrew_Li@UofT.com,WD949,
6002,Thomas,William,William_Thomas@UofT.com,KP323,
6003,Turner,Alexander,Alexander_Turner@UofT.com,LQ819,
6004,Garcia,Mary,Mary_Garcia@UofT.com,PD138,
6005,Allen,Samuel,Samuel_Allen@UofT.com,AR730,
6006,King,Brian,Brian_King@UofT.com,YI109,
6007,Gray,Jose,Jose_Gray@UofT.com,LT358,
6099,Ross,Kayla,Kayla_Ross@UofT.com,MH249,
6098,Wang,Zachary,Zachary_Wang@UofT.com,PI396,
6097,Adams,Taylor,Taylor_Adams@UofT.com,XJ207,
6096,Harris,Taylor,Taylor_Harris@UofT.com,ZO731,
6082,Perry,Jeremy,Jeremy_Perry@UofT.com,RM252,
6083,Lewis,Maria,Maria_Lewis@UofT.com,ZZ627,
6080,Reed,Elizabeth,Elizabeth_Reed@UofT.com,OL559,
6081,Miller,Jennifer,Jennifer_Miller@UofT.com,BL802,
6086,Torres,Aaron,Aaron_Torres@UofT.com,TV948,
6087,Watson,Adam,Adam_Watson@UofT.com,PL759,
6084,Hughes,Christina,Christina_Hughes@UofT.com,XM577,
6085,Thomas,Melissa,Melissa_Thomas@UofT.com,MO987,
6090,Bennett,Brian,Brian_Bennett@UofT.com,MQ659,
6091,Lewis,Rebecca,Rebecca_Lewis@UofT.com,YS504,
6088,Johnson,Samuel,Samuel_Johnson@UofT.com,SV209,
6089,Young,Victoria,Victoria_Young@UofT.com,CV120,
6094,Sanchez,Richard,Richard_Sanchez@UofT.com,DV734,
6095,Hall,Kristen,Kristen_Hall@UofT.com,JD801,
6092,Adams,Joshua,Joshua_Adams@UofT.com,NL934,
6093,Miller,Jessica,Jessica_Miller@UofT.com,AD281,
6156,Kenmore,Mike,m_kenmore@fake.com,RS206,
6039,Morris,Benjamin,Benjamin_Morris@UofT.com,DZ342,
6038,King,Alyssa,Alyssa_King@UofT.com,UJ721,
6037,Flores,Patrick,Patrick_Flores@UofT.com,BL201,
6036,Butler,Michelle,Michelle_Butler@UofT.com,JM642,
6035,Carter,Daniel,Daniel_Carter@UofT.com,MF559,
6034,Long,Amber,Amber_Long@UofT.com,UA480,
6033,Jenkins,Thomas,Thomas_Jenkins@UofT.com,EC446,
6032,Lewis,Kelsey,Kelsey_Lewis@UofT.com,YG751,
6047,Wang,Anthony,Anthony_Wang@UofT.com,VW705,
6046,Ward,Alexandra,Alexandra_Ward@UofT.com,VP719,
6045,Perry,Amber,Amber_Perry@UofT.com,OR630,
6044,Jones,Erica,Erica_Jones@UofT.com,WK797,
6043,Hughes,Kelsey,Kelsey_Hughes@UofT.com,QJ577,
6042,Thompson,Amber,Amber_Thompson@UofT.com,GG510,
6041,Powell,Christina,Christina_Powell@UofT.com,GN669,
6040,Taylor,John,John_Taylor@UofT.com,GP378,
6022,Edwards,Kevin,Kevin_Edwards@UofT.com,RL397,
6023,Ward,Patrick,Patrick_Ward@UofT.com,GX390,
6020,Wu,Anthony,Anthony_Wu@UofT.com,JM339,
6021,Butler,Cassandra,Cassandra_Butler@UofT.com,JS547,
6018,Qian,Alyssa,Alyssa_Qian@UofT.com,BP755,
6019,Reed,Laura,Laura_Reed@UofT.com,VO161,
6016,Morris,Aaron,Aaron_Morris@UofT.com,QQ287,
6017,Murphy,Taylor,Taylor_Murphy@UofT.com,RJ964,
6030,Robinson,Jonathan,Jonathan_Robinson@UofT.com,MZ916,
6031,White,Steven,Steven_White@UofT.com,GH827,
6028,Torres,Erica,Erica_Torres@UofT.com,NL485,
6029,Zhou,Sarah,Sarah_Zhou@UofT.com,HU112,
6026,Li,Laura,Laura_Li@UofT.com,FW982,
6027,Ward,Stephanie,Stephanie_Ward@UofT.com,PF350,
6024,Wilson,Maria,Maria_Wilson@UofT.com,LJ649,
6025,Perry,Luis,Luis_Perry@UofT.com,DB891,
6069,Turner,Mark,Mark_Turner@UofT.com,ZY862,
6068,Brooks,Ashley,Ashley_Brooks@UofT.com,HI137,
6071,Phillips,Jessica,Jessica_Phillips@UofT.com,BD874,
6070,Flores,Richard,Richard_Flores@UofT.com,WU215,
6065,Ross,Patrick,Patrick_Ross@UofT.com,RP692,
6064,Smithe,Jacky,jacky_smithe@fake.com,MS223,
6067,Robinson,Caitlin,Caitlin_Robinson@UofT.com,PP259,
6066,Ward,Daniel,Daniel_Ward@UofT.com,FR930,
6077,Williams,Chelsea,Chelsea_Williams@UofT.com,DP154,
6076,Moore,Charles,Charles_Moore@UofT.com,XC788,
6079,Cooper,Rebecca,Rebecca_Cooper@UofT.com,ME689,
6078,Stewart,Brandon,Brandon_Stewart@UofT.com,ES825,
6073,Turner,Kevin,Kevin_Turner@UofT.com,ED187,
6072,Hughes,Emily,Emily_Hughes@UofT.com,BR977,
6075,Brooks,Thomas,Thomas_Brooks@UofT.com,XY102,
6074,Cox,Chelsea,Chelsea_Cox@UofT.com,NQ242,
6052,Edwards,Katherine,Katherine_Edwards@UofT.com,LQ231,
6053,Watson,Timothy,Timothy_Watson@UofT.com,GR719,
6054,Gray,Joseph,Joseph_Gray@UofT.com,YO341,
6055,Flores,William,William_Flores@UofT.com,JX360,
6048,Wang,Steven,Steven_Wang@UofT.com,CW221,
6049,Powell,Mark,Mark_Powell@UofT.com,SY936,
6050,Hughes,Aaron,Aaron_Hughes@UofT.com,XI135,
6051,Roberts,David,David_Roberts@UofT.com,QF667,
6060,Barnes,Sara,Sara_Barnes@UofT.com,ZQ709,
6061,Simmons,Amanda,Amanda_Simmons@UofT.com,NK673,
6062,King,Alexander,Alexander_King@UofT.com,YA653,
6063,Anderson,Benjamin,Benjamin_Anderson@UofT.com,EZ458,
6056,Young,Cassandra,Cassandra_Young@UofT.com,RC729,
6057,Li,Jeffrey,Jeffrey_Li@UofT.com,GH461,
6058,Edwards,Danielle,Danielle_Edwards@UofT.com,LL396,
6059,Sanders,Travis,Travis_Sanders@UofT.com,EZ146,
