9075,Walker,Kevin,Kevin_Walker@fake.com,
9074,Wilson,Jeremy,Jeremy_Wilson@fake.com,
9073,Murphy,Nicole,Nicole_Murphy@fake.com,
9072,Martinez,Jessica,Jessica_Martinez@fake.com,
9079,Cox,Kevin,Kevin_Cox@fake.com,
9078,Bailey,Daniel,Daniel_Bailey@fake.com,
9077,Cook,Erin,Erin_Cook@fake.com,
9076,Patterson,Christina,Christina_Patterson@fake.com,
9083,Li,Anthony,Anthony_Li@fake.com,
9082,Clark,Lauren,Lauren_Clark@fake.com,
9081,Mitchell,Travis,Travis_Mitchell@fake.com,
9080,Zhao,Hannah,Hannah_Zhao@fake.com,
9087,Wood,Andrea,Andrea_Wood@fake.com,
9086,Washington,Joseph,Joseph_Washington@fake.com,
9085,King,Caitlin,Caitlin_King@fake.com,
9084,Cox,Adam,Adam_Cox@fake.com,
9058,Flores,Allison,Allison_Flores@fake.com,
9059,Wu,Jeffrey,Jeffrey_Wu@fake.com,
9056,Carter,Jeffrey,Jeffrey_Carter@fake.com,
9057,Hernandez,Justin,Justin_Hernandez@fake.com,
9062,Nelson,Kevin,Kevin_Nelson@fake.com,
9063,Nelson,Juan,Juan_Nelson@fake.com,
9060,Smith,Kelsey,Kelsey_Smith@fake.com,
9061,Long,Patrick,Patrick_Long@fake.com,
9066,Robinson,Kelly,Kelly_Robinson@fake.com,
9067,Martin,Andrea,Andrea_Martin@fake.com,
9064,McFlea,Marty,superfly42@fake.com,
9065,Garcia,Chelsea,Chelsea_Garcia@fake.com,
9070,Powell,Jessica,Jessica_Powell@fake.com,
9071,Edwards,Jordan,Jordan_Edwards@fake.com,
9068,Watson,Zachary,Zachary_Watson@fake.com,
9069,Walker,Tiffany,Tiffany_Walker@fake.com,
9041,Martin,Jonathan,Jonathan_Martin@fake.com,
9040,Anderson,Samuel,Samuel_Anderson@fake.com,
9043,Cox,William,William_Cox@fake.com,
9042,Flores,Tyler,Tyler_Flores@fake.com,
9045,Perez,Allison,Allison_Perez@fake.com,
9044,Turner,Amanda,Amanda_Turner@fake.com,
9047,Allen,Timothy,Timothy_Allen@fake.com,
9046,Thompson,Travis,Travis_Thompson@fake.com,
9049,Kelly,Kimberly,Kimberly_Kelly@fake.com,
9048,Martin,Alexander,Alexander_Martin@fake.com,
9051,Simmons,Jessica,Jessica_Simmons@fake.com,
9050,Brown,Elizabeth,Elizabeth_Brown@fake.com,
9053,Phillips,Richard,Richard_Phillips@fake.com,
9052,Nelson,Emily,Emily_Nelson@fake.com,
9055,Morgan,Andrea,Andrea_Morgan@fake.com,
9054,King,Nicole,Nicole_King@fake.com,
9024,Johnson,Daniel,Daniel_Johnson@fake.com,
9025,Allen,Juan,Juan_Allen@fake.com,
9026,Washington,Brittany,Brittany_Washington@fake.com,
9027,Zheng,Amber,Amber_Zheng@fake.com,
9028,Allen,Allison,Allison_Allen@fake.com,
9029,Sanchez,Stephanie,Stephanie_Sanchez@fake.com,
9030,Evans,Rebecca,Rebecca_Evans@fake.com,
9031,Cook,Courtney,Courtney_Cook@fake.com,
9032,Sanchez,Rachel,Rachel_Sanchez@fake.com,
9033,Rodriguez,Chelsea,Chelsea_Rodriguez@fake.com,
9034,Young,David,David_Young@fake.com,
9035,Evans,Rebecca,Rebecca_Evans@fake.com,
9036,Allen,Erin,Erin_Allen@fake.com,
9037,Edwards,Andrea,Andrea_Edwards@fake.com,
9038,Powell,Cassandra,Cassandra_Powell@fake.com,
9039,Garcia,Taylor,Taylor_Garcia@fake.com,
9015,Brown,Nicole,Nicole_Brown@fake.com,
9014,Coleman,Alexander,Alexander_Coleman@fake.com,
9013,Rodriguez,Jacob,Jacob_Rodriguez@fake.com,
9012,King,Sarah,Sarah_King@fake.com,
9011,Qian,Erica,Erica_Qian@fake.com,
9010,Bailey,Zachary,Zachary_Bailey@fake.com,
9009,Martinez,Jason,Jason_Martinez@fake.com,
9008,Jackson,Jose,Jose_Jackson@fake.com,
9023,Morris,Brittney,Brittney_Morris@fake.com,
9022,Clark,Jacob,Jacob_Clark@fake.com,
9021,Phillips,Caitlin,Caitlin_Phillips@fake.com,
9020,Moore,Nicole,Nicole_Moore@fake.com,
9019,Sanders,Sean,Sean_Sanders@fake.com,
9018,Turner,Tiffany,Tiffany_Turner@fake.com,
9017,Jackson,Mark,Mark_Jackson@fake.com,
9016,Allen,Rebecca,Rebecca_Allen@fake.com,
9006,Phillips,Allison,Allison_Phillips@fake.com,
9007,Harris,Tyler,Tyler_Harris@fake.com,
9004,Roberts,Amanda,Amanda_Roberts@fake.com,
9005,Lewis,Cassandra,Cassandra_Lewis@fake.com,
9002,Ward,Rebecca,Rebecca_Ward@fake.com,
9003,Wang,Patrick,Patrick_Wang@fake.com,
9000,Kelly,Lauren,Lauren_Kelly@fake.com,
9001,Ward,Mark,Mark_Ward@fake.com,
9124,Cassius,Markus,m_cassius@fake.com,
9097,Brown,Cody,Cody_Brown@fake.com,
9096,Bailey,Maria,Maria_Bailey@fake.com,
9099,Washington,Stephen,Stephen_Washington@fake.com,
9098,Robinson,Jessica,Jessica_Robinson@fake.com,
9093,Zhao,Amy,Amy_Zhao@fake.com,
9092,Morgan,Hannah,Hannah_Morgan@fake.com,
9095,Anderson,Patrick,Patrick_Anderson@fake.com,
9094,Qian,Christina,Christina_Qian@fake.com,
9089,Parker,Kelly,Kelly_Parker@fake.com,
9088,Green,Sara,Sara_Green@fake.com,
9091,Bailey,Maria,Maria_Bailey@fake.com,
9090,Miller,Kelsey,Kelsey_Miller@fake.com,
